\BOOKMARK [1][-]{section.1}{\376\377\000L\000e\000z\000i\000o\000n\000e\000\040\0002\0002\000/\0000\0009\000/\0002\0000\0002\0005}{}% 1
\BOOKMARK [2][-]{subsection.1.1}{\376\377\000R\000i\000c\000h\000i\000a\000m\000i\000\040\000d\000i\000\040\000e\000l\000e\000t\000t\000r\000o\000m\000a\000g\000n\000e\000t\000i\000s\000m\000o}{section.1}% 2
\BOOKMARK [1][-]{section.2}{\376\377\000L\000e\000z\000i\000o\000n\000e\000\040\0002\0005\000/\0000\0009\000/\0002\0000\0002\0005}{}% 3
\BOOKMARK [1][-]{section.3}{\376\377\000L\000e\000z\000i\000o\000n\000e\000\040\0002\0009\000/\0000\0009\000/\0002\0000\0002\0005}{}% 4
\BOOKMARK [2][-]{subsection.3.1}{\376\377\000R\000e\000s\000i\000s\000t\000e\000n\000z\000e\000\040\000i\000n\000\040\000s\000e\000r\000i\000e\000\040\000e\000\040\000p\000a\000r\000a\000l\000l\000e\000l\000o}{section.3}% 5
\BOOKMARK [2][-]{subsection.3.2}{\376\377\000S\000t\000r\000u\000m\000e\000n\000t\000i\000\040\000p\000e\000r\000\040\000m\000i\000s\000u\000r\000a\000r\000e\000\040\000c\000o\000r\000r\000e\000n\000t\000e\000\040\000e\000\040\000t\000e\000n\000s\000i\000o\000n\000e}{section.3}% 6
\BOOKMARK [1][-]{section.4}{\376\377\000L\000e\000z\000i\000o\000n\000e\000\040\0000\0002\000/\0001\0000\000/\0002\0000\0002\0005}{}% 7
\BOOKMARK [2][-]{subsection.4.1}{\376\377\000C\000o\000m\000e\000\040\000m\000i\000s\000u\000r\000a\000r\000e\000\040\000u\000n\000a\000\040\000r\000e\000s\000i\000s\000t\000e\000n\000z\000a}{section.4}% 8
\BOOKMARK [2][-]{subsection.4.2}{\376\377\000L\000a\000\040\000q\000u\000a\000l\000i\000t\000\340\000\040\000d\000i\000\040\000u\000n\000a\000\040\000p\000i\000l\000a}{section.4}% 9
\BOOKMARK [1][-]{section.5}{\376\377\000L\000e\000z\000i\000o\000n\000e\000\040\0000\0009\000/\0001\0000\000/\0002\0000\0002\0005}{}% 10
\BOOKMARK [2][-]{subsection.5.1}{\376\377\000M\000i\000s\000u\000r\000a\000\040\000d\000e\000l\000l\000a\000\040\000r\000e\000s\000i\000s\000t\000e\000n\000z\000a}{section.5}% 11
\BOOKMARK [2][-]{subsection.5.2}{\376\377\000C\000o\000n\000d\000e\000n\000s\000a\000t\000o\000r\000i}{section.5}% 12
\BOOKMARK [2][-]{subsection.5.3}{\376\377\0001\000\040\000E\000s\000p\000e\000r\000i\000e\000n\000z\000a\000\040\000d\000i\000\040\000l\000a\000b\000o\000r\000a\000t\000o\000r\000i\000o}{section.5}% 13
\BOOKMARK [1][-]{section.6}{\376\377\000L\000e\000z\000i\000o\000n\000e\000\040\0001\0003\000/\0001\0000\000/\0002\0000\0002\0005}{}% 14
\BOOKMARK [2][-]{subsection.6.1}{\376\377\000C\000o\000m\000e\000\040\000f\000a\000r\000e\000\040\000l\000a\000\040\000r\000e\000l\000a\000z\000i\000o\000n\000e}{section.6}% 15
\BOOKMARK [2][-]{subsection.6.2}{\376\377\000S\000e\000m\000i\000c\000o\000n\000d\000u\000t\000t\000o\000r\000i}{section.6}% 16
\BOOKMARK [2][-]{subsection.6.3}{\376\377\000C\000o\000m\000e\000\040\000f\000a\000r\000e\000\040\000i\000l\000\040\000f\000i\000t\000\040\000e\000s\000p\000o\000n\000e\000n\000z\000i\000a\000l\000e}{section.6}% 17
\BOOKMARK [1][-]{section.7}{\376\377\000L\000e\000z\000i\000o\000n\000e\000\040\0002\0000\000/\0001\0000\000/\0002\0000\0002\0005}{}% 18
\BOOKMARK [2][-]{subsection.7.1}{\376\377\000D\000i\000o\000d\000o}{section.7}% 19
\BOOKMARK [2][-]{subsection.7.2}{\376\377\000V\000e\000r\000i\000f\000i\000c\000a\000\040\000d\000e\000l\000l\000'\000e\000f\000f\000e\000t\000t\000o\000\040\000f\000o\000t\000o\000e\000l\000e\000t\000t\000r\000i\000c\000o}{section.7}% 20
\BOOKMARK [2][-]{subsection.7.3}{\376\377\000M\000i\000s\000u\000r\000a\000\040\000d\000e\000l\000l\000a\000\040\000c\000o\000s\000t\000a\000n\000t\000e\000\040\000d\000i\000\040\000F\000a\000r\000a\000d\000a\000y}{section.7}% 21
\BOOKMARK [1][-]{section.8}{\376\377\000L\000e\000z\000i\000o\000n\000e\000\040\0002\0003\000/\0001\0000\000/\0002\0000\0002\0005}{}% 22
\BOOKMARK [2][-]{subsection.8.1}{\376\377\000M\000i\000s\000u\000r\000a\000\040\000d\000e\000l\000l\000a\000\040\000c\000o\000s\000t\000a\000n\000t\000e\000\040\000d\000i\000\040\000F\000a\000r\000a\000d\000y\000\040\000i\000n\000\040\000l\000a\000b\000o\000r\000a\000t\000o\000r\000i\000o\000\040\000\050\000p\000a\000r\000t\000e\000\040\0002\000\051}{section.8}% 23
\BOOKMARK [2][-]{subsection.8.2}{\376\377\000D\000i\000o\000d\000i\000\040\000\050\000p\000a\000r\000t\000e\000\040\0002\000\051}{section.8}% 24
\BOOKMARK [2][-]{subsection.8.3}{\376\377\000P\000o\000s\000i\000t\000r\000o\000n\000i\000\040\000e\000l\000e\000t\000t\000r\000o\000n\000i\000c\000i\000\040\000e\000\040\000c\000a\000r\000i\000c\000h\000e\000\040\000q\000u\000a\000n\000t\000i\000c\000h\000e}{section.8}% 25
\BOOKMARK [2][-]{subsection.8.4}{\376\377\000T\000u\000b\000o\000\040\000c\000a\000t\000o\000d\000i\000c\000o}{section.8}% 26
\BOOKMARK [3][-]{subsubsection.8.4.1}{\376\377\000P\000r\000o\000d\000u\000z\000i\000o\000n\000e\000\040\000d\000e\000l\000\040\000c\000a\000n\000n\000o\000n\000c\000i\000n\000o\000\040\000e\000l\000e\000t\000t\000r\000o\000n\000i\000c\000o}{subsection.8.4}% 27
\BOOKMARK [1][-]{section.9}{\376\377\000L\000e\000z\000i\000o\000n\000e\000\040\0002\0007\000/\0001\0000\000/\0002\0000\0002\0005}{}% 28
\BOOKMARK [2][-]{subsection.9.1}{\376\377\000T\000u\000b\000o\000\040\000c\000a\000t\000o\000d\000i\000c\000o\000\040\000p\000a\000r\000t\000e\000\040\0002}{section.9}% 29
\BOOKMARK [3][-]{subsubsection.9.1.1}{\376\377\000A\000l\000c\000u\000n\000e\000\040\000p\000r\000e\000c\000a\000u\000z\000i\000o\000n\000i}{subsection.9.1}% 30
\BOOKMARK [3][-]{subsubsection.9.1.2}{\376\377\000C\000o\000l\000l\000i\000m\000a\000t\000o\000r\000e\000\040\000e\000\040\000g\000r\000i\000g\000l\000i\000a\000\040\000d\000i\000\040\000c\000o\000n\000t\000r\000o\000l\000l\000o}{subsection.9.1}% 31
\BOOKMARK [3][-]{subsubsection.9.1.3}{\376\377\000F\000a\000s\000e\000\040\000d\000i\000\040\000m\000i\000s\000u\000r\000a\000z\000i\000o\000n\000e}{subsection.9.1}% 32
\BOOKMARK [3][-]{subsubsection.9.1.4}{\376\377\000L\000i\000m\000i\000t\000i\000\040\000d\000e\000l\000l\000o\000\040\000s\000t\000r\000u\000m\000e\000n\000t\000o}{subsection.9.1}% 33
\BOOKMARK [1][-]{section.10}{\376\377\000L\000e\000z\000i\000o\000n\000e\000\040\0003\0000\000/\0001\0000}{}% 34
\BOOKMARK [2][-]{subsection.10.1}{\376\377\000L\000'\000a\000n\000d\000a\000m\000e\000n\000t\000o\000\040\000a\000\040\000o\000n\000d\000a\000\040\000q\000u\000a\000d\000r\000a}{section.10}% 35
\BOOKMARK [2][-]{subsection.10.2}{\376\377\000I\000\040\000c\000i\000r\000c\000u\000i\000t\000i\000\040\000c\000o\000n\000\040\000c\000o\000r\000r\000e\000n\000t\000e\000\040\000v\000a\000r\000i\000a\000b\000i\000l\000e}{section.10}% 36
\BOOKMARK [3][-]{subsubsection.10.2.1}{\376\377\000C\000o\000m\000e\000\040\000v\000e\000r\000i\000f\000i\000c\000a\000r\000e\000\040\000l\000a\000\040\000l\000e\000g\000g\000e\000\040\000e\000s\000p\000o\000e\000n\000e\000n\000z\000i\000a\000l\000e\000\040\000i\000n\000\040\000l\000a\000b\000o\000r\000a\000t\000o\000r\000i\000o}{subsection.10.2}% 37
\BOOKMARK [2][-]{subsection.10.3}{\376\377\000C\000o\000m\000e\000\040\000c\000o\000s\000t\000r\000u\000i\000r\000e\000\040\000u\000n\000\040\000o\000n\000d\000a\000\040\000a\000\040\000s\000e\000g\000a}{section.10}% 38
\BOOKMARK [1][-]{section.11}{\376\377\000L\000e\000z\000i\000o\000n\000e\000\040\0000\0006\000/\0001\0001\000/\0002\0000\0002\0005}{}% 39
\BOOKMARK [2][-]{subsection.11.1}{\376\377\000C\000i\000r\000c\000u\000i\000t\000i\000\040\000R\000C\000L}{section.11}% 40
\BOOKMARK [2][-]{subsection.11.2}{\376\377\000M\000i\000s\000u\000r\000a\000\040\000d\000i\000\040\000L}{section.11}% 41
\BOOKMARK [2][-]{subsection.11.3}{\376\377\000O\000n\000d\000a\000\040\000a\000\040\000d\000e\000n\000t\000e\000\040\000d\000i\000\040\000s\000e\000g\000a\000:\000\040\0002\000\040\000p\000a\000r\000t\000e\000\040}{section.11}% 42
\BOOKMARK [1][-]{section.12}{\376\377\000L\000e\000z\000i\000o\000n\000e\000\040\0001\0004\000/\0001\0001\000/\0002\0000\0002\0005}{}% 43
\BOOKMARK [2][-]{subsection.12.1}{\376\377\000C\000i\000r\000c\000u\000i\000t\000i\000\040\000R\000C\000\040\000i\000n\000\040\000s\000e\000r\000i\000e}{section.12}% 44
\BOOKMARK [1][-]{section.13}{\376\377\000L\000e\000z\000i\000o\000n\000e\000\040\0002\0000\000/\0001\0001\000/\0002\0000\0002\0005}{}% 45
\BOOKMARK [2][-]{subsection.13.1}{\376\377\000E\000f\000f\000e\000t\000t\000o\000\040\000H\000o\000l\000d}{section.13}% 46
\BOOKMARK [2][-]{subsection.13.2}{\376\377\000E\000r\000r\000o\000r\000i\000\040\000s\000i\000s\000t\000e\000m\000a\000t\000i\000c\000i}{section.13}% 47
\BOOKMARK [2][-]{subsection.13.3}{\376\377\000M\000i\000s\000u\000r\000a\000\040\000d\000i\000\040\000e\000m}{section.13}% 48
\BOOKMARK [2][-]{subsection.13.4}{\376\377\000M\000i\000s\000u\000r\000a\000\040\000d\000i\000\040\0000}{section.13}% 49
\BOOKMARK [1][-]{section.14}{\376\377\000L\000e\000z\000i\000o\000n\000e\000\040\0000\0001\000/\0001\0002\000/\0002\0000\0002\0005}{}% 50
\BOOKMARK [2][-]{subsection.14.1}{\376\377\000M\000i\000s\000u\000r\000a\000\040\000d\000e\000l\000\040\000c\000a\000m\000p\000o\000\040\000m\000a\000g\000n\000e\000t\000i\000c\000o\000\040\000l\000o\000c\000a\000l\000e}{section.14}% 51
\BOOKMARK [2][-]{subsection.14.2}{\376\377\000C\000r\000e\000a\000z\000i\000o\000n\000e\000\040\000d\000i\000\040\000u\000n\000\040\000r\000a\000d\000d\000r\000i\000z\000z\000a\000t\000o\000r\000e}{section.14}% 52
\BOOKMARK [2][-]{subsection.14.3}{\376\377\000M\000i\000s\000u\000r\000a\000\040\000d\000e\000l\000\040\000c\000a\000m\000p\000o\000\040\000m\000a\000g\000n\000e\000t\000i\000c\000o\000\040\000p\000r\000o\000d\000o\000t\000t\000o\000\040\000d\000a\000\040\000u\000n\000\040\000f\000i\000l\000o}{section.14}% 53
\BOOKMARK [1][-]{section.15}{\376\377\000L\000e\000z\000i\000o\000n\000e\000\040\0000\0004\000/\0001\0002\000/\0002\0000\0002\0005}{}% 54
\BOOKMARK [2][-]{subsection.15.1}{\376\377\000M\000i\000s\000u\000r\000a\000\040\000d\000i\000\040\000M\000i\000l\000l\000i\000k\000a\000n}{section.15}% 55
\BOOKMARK [3][-]{subsubsection.15.1.1}{\376\377\000E\000f\000f\000e\000t\000t\000o\000\040\000d\000i\000\040\000S\000t\000o\000k\000e\000s}{subsection.15.1}% 56
\BOOKMARK [3][-]{subsubsection.15.1.2}{\376\377\000E\000f\000f\000e\000t\000t\000o\000\040\000d\000i\000\040\000A\000r\000c\000h\000i\000m\000e\000d\000e}{subsection.15.1}% 57
