\BOOKMARK [2][-]{subsection.0.1}{\376\377\000D\000e\000f\000i\000n\000i\000z\000i\000o\000n\000i\000\040\000d\000i\000\040\000p\000r\000o\000b\000a\000b\000i\000l\000i\000t\000\340}{}% 1
\BOOKMARK [2][-]{subsection.0.2}{\376\377\000D\000e\000f\000i\000n\000i\000z\000i\000o\000n\000e\000\040\000a\000s\000s\000i\000o\000m\000a\000t\000i\000c\000a\000\040\000d\000i\000\040\000p\000r\000o\000b\000a\000b\000i\000l\000i\000t\000\340}{}% 2
\BOOKMARK [2][-]{subsection.0.3}{\376\377\000P\000r\000o\000p\000r\000i\000e\000t\000\340\000\040\000d\000e\000l\000l\000a\000\040\000m\000i\000s\000u\000r\000a\000\040\000d\000i\000\040\000p\000r\000o\000b\000a\000b\000i\000l\000i\000t\000\340}{}% 3
\BOOKMARK [3][-]{subsubsection.0.3.1}{\376\377\000P\000r\000o\000b\000a\000b\000i\000l\000i\000t\000\340\000\040\000c\000o\000n\000d\000i\000z\000i\000o\000n\000a\000t\000a}{subsection.0.3}% 4
\BOOKMARK [3][-]{subsubsection.0.3.2}{\376\377\000P\000r\000o\000b\000a\000b\000i\000l\000i\000t\000\340\000\040\000d\000e\000l\000l\000e\000\040\000c\000a\000u\000s\000e}{subsection.0.3}% 5
\BOOKMARK [2][-]{subsection.0.4}{\376\377\000T\000e\000o\000r\000e\000m\000a\000\040\000d\000i\000\040\000B\000a\000y\000e\000s\000\040}{}% 6
\BOOKMARK [2][-]{subsection.0.5}{\376\377\000I\000n\000d\000i\000p\000e\000n\000d\000e\000n\000z\000a}{}% 7
\BOOKMARK [2][-]{subsection.0.6}{\376\377\000V\000a\000r\000i\000a\000b\000i\000l\000i\000\040\000c\000a\000s\000u\000a\000l\000i\000\040\000e\000\040\000f\000u\000n\000z\000i\000o\000n\000e\000\040\000d\000i\000\040\000r\000i\000p\000a\000r\000t\000i\000z\000i\000o\000n\000e}{}% 8
\BOOKMARK [3][-]{subsubsection.0.6.1}{\376\377\000F\000u\000n\000z\000i\000o\000n\000e\000\040\000d\000i\000\040\000r\000i\000p\000a\000r\000t\000i\000z\000i\000o\000n\000e}{subsection.0.6}% 9
\BOOKMARK [2][-]{subsection.0.7}{\376\377\000D\000e\000n\000s\000i\000t\000\340\000\040\000d\000i\000\040\000p\000r\000o\000b\000a\000b\000i\000i\000t\000\340}{}% 10
\BOOKMARK [3][-]{subsubsection.0.7.1}{\376\377\000P\000r\000o\000p\000r\000i\000e\000t\000\340\000\040\000d\000e\000l\000l\000a\000\040\000f\000u\000n\000z\000i\000o\000n\000e\000\040\000d\000e\000n\000s\000i\000t\000\340\000\040\000d\000i\000\040\000p\000r\000o\000b\000a\000b\000i\000l\000i\000t\000\340}{subsection.0.7}% 11
\BOOKMARK [2][-]{subsection.0.8}{\376\377\000V\000a\000l\000o\000r\000e\000\040\000d\000i\000\040\000a\000s\000p\000e\000t\000t\000a\000z\000i\000o\000n\000e}{}% 12
\BOOKMARK [2][-]{subsection.0.9}{\376\377\000V\000a\000r\000i\000a\000n\000z\000a}{}% 13
\BOOKMARK [2][-]{subsection.0.10}{\376\377\000M\000o\000m\000e\000n\000t\000i\000\040\000d\000e\000l\000l\000e\000\040\000f\000u\000n\000z\000i\000o\000n\000e\000\040\000d\000i\000\040\000d\000i\000s\000t\000r\000i\000b\000u\000z\000i\000o\000n\000e}{}% 14
\BOOKMARK [2][-]{subsection.0.11}{\376\377\000D\000i\000s\000t\000r\000i\000b\000u\000z\000i\000o\000n\000e\000\040\000u\000n\000i\000f\000o\000r\000m\000e\000\040\000d\000i\000s\000c\000r\000e\000t\000a}{}% 15
\BOOKMARK [2][-]{subsection.0.12}{\376\377\000D\000i\000s\000t\000r\000i\000b\000u\000z\000i\000o\000n\000e\000\040\000u\000n\000i\000f\000o\000r\000m\000e\000\040\000c\000o\000n\000t\000i\000n\000u\000a}{}% 16
\BOOKMARK [2][-]{subsection.0.13}{\376\377\000C\000e\000n\000n\000i\000\040\000d\000i\000\040\000c\000a\000l\000c\000o\000l\000o\000\040\000c\000o\000m\000b\000i\000n\000a\000t\000o\000r\000i\000o\000\040\000e\000\040\000f\000a\000t\000t\000o\000r\000i\000a\000l\000e}{}% 17
\BOOKMARK [2][-]{subsection.0.14}{\376\377\000D\000i\000s\000t\000r\000i\000b\000u\000z\000i\000o\000n\000e\000\040\000b\000i\000n\000o\000m\000i\000a\000l\000e}{}% 18
\BOOKMARK [2][-]{subsection.0.15}{\376\377\000D\000i\000s\000t\000r\000i\000b\000u\000z\000i\000o\000n\000e\000\040\000d\000i\000\040\000P\000o\000i\000s\000s\000o\000n}{}% 19
\BOOKMARK [2][-]{subsection.0.16}{\376\377\000D\000i\000s\000t\000r\000i\000b\000u\000z\000i\000o\000n\000e\000\040\000d\000i\000\040\000M\000a\000x\000w\000e\000l\000l\000-\000B\000o\000l\000t\000z\000m\000a\000n\000n}{}% 20
\BOOKMARK [1][-]{section.1}{\376\377\000F\000u\000n\000z\000i\000o\000n\000e\000\040\000d\000i\000\040\000d\000i\000s\000t\000r\000i\000b\000u\000z\000i\000o\000n\000e\000\040\000d\000i\000\040\000G\000a\000u\000s\000s}{}% 21
\BOOKMARK [2][-]{subsection.1.1}{\376\377\000E\000s\000e\000m\000p\000i\000o\000\040\000d\000i\000\040\000d\000i\000s\000t\000i\000r\000b\000u\000z\000i\000o\000n\000e\000\040\000d\000i\000\040\000G\000a\000u\000s\000s}{section.1}% 22
\BOOKMARK [2][-]{subsection.1.2}{\376\377\000D\000i\000m\000o\000s\000t\000r\000a\000z\000i\000o\000n\000e\000\040\000E\000u\000r\000i\000a\000t\000i\000c\000a}{section.1}% 23
\BOOKMARK [1][-]{section.2}{\376\377\000F\000u\000n\000z\000i\000o\000n\000e\000\040\000d\000i\000\040\000d\000i\000s\000t\000r\000i\000b\000u\000z\000i\000o\000n\000e\000\040\000p\000e\000r\000\040\000v\000a\000r\000i\000a\000b\000i\000l\000i\000\040\000c\000a\000s\000u\000a\000l\000i}{}% 24
\BOOKMARK [1][-]{section.3}{\376\377\000F\000u\000n\000z\000i\000o\000n\000e\000\040\000d\000i\000\040\000d\000i\000s\000t\000r\000i\000b\000u\000z\000i\000o\000n\000e\000\040\000c\000o\000n\000g\000i\000u\000n\000t\000a}{}% 25
\BOOKMARK [2][-]{subsection.3.1}{\376\377\000S\000t\000i\000m\000a\000\040\000d\000e\000i\000\040\000p\000a\000r\000a\000m\000e\000t\000r\000i}{section.3}% 26
\BOOKMARK [2][-]{subsection.3.2}{\376\377\000F\000i\000t\000\040\000d\000i\000\040\000u\000n\000a\000\040\000r\000e\000t\000t\000a}{section.3}% 27
\BOOKMARK [2][-]{subsection.3.3}{\376\377\000C\000a\000s\000o\000\040\000n\000o\000n\000\040\000l\000i\000n\000e\000a\000r\000e}{section.3}% 28
\BOOKMARK [1][-]{section.4}{\376\377\000C\000o\000n\000f\000r\000o\000n\000t\000o\000\040\000i\000s\000t\000o\000g\000r\000a\000m\000m\000a\000/\000g\000a\000u\000s\000s\000i\000a\000n\000a}{}% 29
\BOOKMARK [1][-]{section.5}{\376\377\000L\000e\000z\000i\000o\000n\000e\000\040\0000\0006\000/\0001\0000\000/\0002\0000\0002\0005}{}% 30
\BOOKMARK [2][-]{subsection.5.1}{\376\377\000I\000s\000t\000o\000g\000r\000a\000m\000m\000a}{section.5}% 31
\BOOKMARK [2][-]{subsection.5.2}{\376\377\000I\000n\000\040\000c\000a\000s\000o\000\040\000d\000i\000\040\000l\000i\000m\000i\000t\000a\000z\000i\000o\000n\000e\000\040\000d\000e\000l\000l\000o\000\040\000s\000t\000r\000u\000m\000e\000n\000t\000o}{section.5}% 32
\BOOKMARK [2][-]{subsection.5.3}{\376\377\000P\000r\000o\000p\000a\000g\000a\000z\000i\000o\000n\000e\000\040\000d\000e\000g\000l\000i\000\040\000e\000r\000r\000o\000r\000i}{section.5}% 33
